workers=16
cpus_per_task=16
batch_size=10
dataset=/data/courses/2026_dat471_dit066/datasets/gutenberg/huge
started_at=2026-04-26T23:11:37+02:00

Time for reading files: 48.64 seconds
Time for counting words in files: 148.82 seconds
Time for merging counts: 275.31 seconds
Time for getting top10: 51.68 seconds
Time for computing checksum: 4.12 seconds
Checksum: 14880058115
Top 10:
the: 148499457
of: 89408738
and: 72120653
to: 61762640
a: 51211506
in: 44714455
that: 24646774
was: 24224366
is: 19939759
I: 19103566
Total time: 528.58 seconds

finished_at=2026-04-26T23:20:40+02:00
