workers=32
cpus_per_task=32
batch_size=10
dataset=/data/courses/2026_dat471_dit066/datasets/gutenberg/huge
started_at=2026-04-27T00:05:51+02:00

Time for reading files: 43.30 seconds
Time for counting words in files: 118.04 seconds
Time for merging counts: 140.40 seconds
Time for getting top10: 33.08 seconds
Time for computing checksum: 3.33 seconds
Checksum: 14880058115
Top 10:
the: 148499457
of: 89408738
and: 72120653
to: 61762640
a: 51211506
in: 44714455
that: 24646774
was: 24224366
is: 19939759
I: 19103566
Total time: 338.15 seconds

finished_at=2026-04-27T00:11:37+02:00
