workers=8
cpus_per_task=8
batch_size=10
dataset=/data/courses/2026_dat471_dit066/datasets/gutenberg/huge
started_at=2026-04-26T23:11:07+02:00

Time for reading files: 44.48 seconds
Time for counting words in files: 198.00 seconds
Time for merging counts: 262.54 seconds
Time for getting top10: 49.22 seconds
Time for computing checksum: 4.00 seconds
Checksum: 14880058115
Top 10:
the: 148499457
of: 89408738
and: 72120653
to: 61762640
a: 51211506
in: 44714455
that: 24646774
was: 24224366
is: 19939759
I: 19103566
Total time: 558.27 seconds

finished_at=2026-04-26T23:20:38+02:00
